mode: set
github.com/NatdanaiKhe/simplebank/util/random.go:8.13,10.2 1 0
github.com/NatdanaiKhe/simplebank/util/random.go:12.33,15.19 3 0
github.com/NatdanaiKhe/simplebank/util/random.go:15.19,17.3 1 0
github.com/NatdanaiKhe/simplebank/util/random.go:18.2,18.18 1 0
github.com/NatdanaiKhe/simplebank/util/random.go:21.36,24.2 2 0
github.com/NatdanaiKhe/simplebank/util/random.go:26.44,29.2 2 0
github.com/NatdanaiKhe/simplebank/db/sqlc/account.sql.go:28.96,39.2 4 1
github.com/NatdanaiKhe/simplebank/db/sqlc/account.sql.go:46.70,49.2 2 1
github.com/NatdanaiKhe/simplebank/db/sqlc/account.sql.go:56.78,67.2 4 1
github.com/NatdanaiKhe/simplebank/db/sqlc/account.sql.go:74.87,85.2 4 1
github.com/NatdanaiKhe/simplebank/db/sqlc/account.sql.go:99.96,101.16 2 1
github.com/NatdanaiKhe/simplebank/db/sqlc/account.sql.go:101.16,103.3 1 0
github.com/NatdanaiKhe/simplebank/db/sqlc/account.sql.go:104.2,106.18 3 1
github.com/NatdanaiKhe/simplebank/db/sqlc/account.sql.go:106.18,114.17 2 1
github.com/NatdanaiKhe/simplebank/db/sqlc/account.sql.go:114.17,116.4 1 0
github.com/NatdanaiKhe/simplebank/db/sqlc/account.sql.go:117.3,117.27 1 1
github.com/NatdanaiKhe/simplebank/db/sqlc/account.sql.go:119.2,119.37 1 1
github.com/NatdanaiKhe/simplebank/db/sqlc/account.sql.go:119.37,121.3 1 0
github.com/NatdanaiKhe/simplebank/db/sqlc/account.sql.go:122.2,122.35 1 1
github.com/NatdanaiKhe/simplebank/db/sqlc/account.sql.go:122.35,124.3 1 0
github.com/NatdanaiKhe/simplebank/db/sqlc/account.sql.go:125.2,125.19 1 1
github.com/NatdanaiKhe/simplebank/db/sqlc/account.sql.go:139.85,142.2 2 1
github.com/NatdanaiKhe/simplebank/db/sqlc/account.sql.go:156.110,167.2 4 1
github.com/NatdanaiKhe/simplebank/db/sqlc/db.go:19.28,21.2 1 1
github.com/NatdanaiKhe/simplebank/db/sqlc/db.go:27.47,31.2 1 1
github.com/NatdanaiKhe/simplebank/db/sqlc/entry.sql.go:26.90,36.2 4 1
github.com/NatdanaiKhe/simplebank/db/sqlc/entry.sql.go:43.74,53.2 4 1
github.com/NatdanaiKhe/simplebank/db/sqlc/entry.sql.go:68.92,70.16 2 1
github.com/NatdanaiKhe/simplebank/db/sqlc/entry.sql.go:70.16,72.3 1 0
github.com/NatdanaiKhe/simplebank/db/sqlc/entry.sql.go:73.2,75.18 3 1
github.com/NatdanaiKhe/simplebank/db/sqlc/entry.sql.go:75.18,82.17 2 1
github.com/NatdanaiKhe/simplebank/db/sqlc/entry.sql.go:82.17,84.4 1 0
github.com/NatdanaiKhe/simplebank/db/sqlc/entry.sql.go:85.3,85.27 1 1
github.com/NatdanaiKhe/simplebank/db/sqlc/entry.sql.go:87.2,87.37 1 1
github.com/NatdanaiKhe/simplebank/db/sqlc/entry.sql.go:87.37,89.3 1 0
github.com/NatdanaiKhe/simplebank/db/sqlc/entry.sql.go:90.2,90.35 1 1
github.com/NatdanaiKhe/simplebank/db/sqlc/entry.sql.go:90.35,92.3 1 0
github.com/NatdanaiKhe/simplebank/db/sqlc/entry.sql.go:93.2,93.19 1 1
github.com/NatdanaiKhe/simplebank/db/sqlc/store.go:16.34,21.2 1 1
github.com/NatdanaiKhe/simplebank/db/sqlc/store.go:24.80,26.16 2 1
github.com/NatdanaiKhe/simplebank/db/sqlc/store.go:26.16,28.3 1 0
github.com/NatdanaiKhe/simplebank/db/sqlc/store.go:30.2,32.16 3 1
github.com/NatdanaiKhe/simplebank/db/sqlc/store.go:32.16,33.43 1 0
github.com/NatdanaiKhe/simplebank/db/sqlc/store.go:33.43,35.4 1 0
github.com/NatdanaiKhe/simplebank/db/sqlc/store.go:36.3,36.13 1 0
github.com/NatdanaiKhe/simplebank/db/sqlc/store.go:38.2,38.20 1 1
github.com/NatdanaiKhe/simplebank/db/sqlc/store.go:57.104,59.50 2 1
github.com/NatdanaiKhe/simplebank/db/sqlc/store.go:59.50,63.25 2 1
github.com/NatdanaiKhe/simplebank/db/sqlc/store.go:63.25,65.4 1 0
github.com/NatdanaiKhe/simplebank/db/sqlc/store.go:67.3,67.49 1 1
github.com/NatdanaiKhe/simplebank/db/sqlc/store.go:67.49,69.4 1 0
github.com/NatdanaiKhe/simplebank/db/sqlc/store.go:72.3,73.48 2 1
github.com/NatdanaiKhe/simplebank/db/sqlc/store.go:73.48,75.18 2 1
github.com/NatdanaiKhe/simplebank/db/sqlc/store.go:75.18,77.5 1 0
github.com/NatdanaiKhe/simplebank/db/sqlc/store.go:78.4,79.18 2 1
github.com/NatdanaiKhe/simplebank/db/sqlc/store.go:79.18,81.5 1 0
github.com/NatdanaiKhe/simplebank/db/sqlc/store.go:82.9,84.18 2 1
github.com/NatdanaiKhe/simplebank/db/sqlc/store.go:84.18,86.5 1 0
github.com/NatdanaiKhe/simplebank/db/sqlc/store.go:87.4,88.18 2 1
github.com/NatdanaiKhe/simplebank/db/sqlc/store.go:88.18,90.5 1 0
github.com/NatdanaiKhe/simplebank/db/sqlc/store.go:93.3,93.42 1 1
github.com/NatdanaiKhe/simplebank/db/sqlc/store.go:93.42,95.4 1 0
github.com/NatdanaiKhe/simplebank/db/sqlc/store.go:96.3,101.17 2 1
github.com/NatdanaiKhe/simplebank/db/sqlc/store.go:101.17,103.4 1 0
github.com/NatdanaiKhe/simplebank/db/sqlc/store.go:104.3,108.17 2 1
github.com/NatdanaiKhe/simplebank/db/sqlc/store.go:108.17,110.4 1 0
github.com/NatdanaiKhe/simplebank/db/sqlc/store.go:111.3,115.17 2 1
github.com/NatdanaiKhe/simplebank/db/sqlc/store.go:115.17,117.4 1 0
github.com/NatdanaiKhe/simplebank/db/sqlc/store.go:120.3,124.17 2 1
github.com/NatdanaiKhe/simplebank/db/sqlc/store.go:124.17,126.4 1 0
github.com/NatdanaiKhe/simplebank/db/sqlc/store.go:129.3,133.17 2 1
github.com/NatdanaiKhe/simplebank/db/sqlc/store.go:133.17,135.4 1 0
github.com/NatdanaiKhe/simplebank/db/sqlc/store.go:137.3,137.13 1 1
github.com/NatdanaiKhe/simplebank/db/sqlc/store.go:139.2,139.16 1 1
github.com/NatdanaiKhe/simplebank/db/sqlc/store.go:139.16,141.3 1 0
github.com/NatdanaiKhe/simplebank/db/sqlc/store.go:143.2,143.20 1 1
github.com/NatdanaiKhe/simplebank/db/sqlc/transfer.sql.go:28.99,39.2 4 1
github.com/NatdanaiKhe/simplebank/db/sqlc/transfer.sql.go:46.80,57.2 4 1
github.com/NatdanaiKhe/simplebank/db/sqlc/transfer.sql.go:73.99,80.16 2 1
github.com/NatdanaiKhe/simplebank/db/sqlc/transfer.sql.go:80.16,82.3 1 0
github.com/NatdanaiKhe/simplebank/db/sqlc/transfer.sql.go:83.2,85.18 3 1
github.com/NatdanaiKhe/simplebank/db/sqlc/transfer.sql.go:85.18,93.17 2 1
github.com/NatdanaiKhe/simplebank/db/sqlc/transfer.sql.go:93.17,95.4 1 0
github.com/NatdanaiKhe/simplebank/db/sqlc/transfer.sql.go:96.3,96.27 1 1
github.com/NatdanaiKhe/simplebank/db/sqlc/transfer.sql.go:98.2,98.37 1 1
github.com/NatdanaiKhe/simplebank/db/sqlc/transfer.sql.go:98.37,100.3 1 0
github.com/NatdanaiKhe/simplebank/db/sqlc/transfer.sql.go:101.2,101.35 1 1
github.com/NatdanaiKhe/simplebank/db/sqlc/transfer.sql.go:101.35,103.3 1 0
github.com/NatdanaiKhe/simplebank/db/sqlc/transfer.sql.go:104.2,104.19 1 1
