mode: set
github.com/NatdanaiKhe/simplebank/api/account.go:43.53,45.47 2 0
github.com/NatdanaiKhe/simplebank/api/account.go:45.47,48.3 2 0
github.com/NatdanaiKhe/simplebank/api/account.go:50.2,57.16 3 0
github.com/NatdanaiKhe/simplebank/api/account.go:57.16,60.3 2 0
github.com/NatdanaiKhe/simplebank/api/account.go:61.2,61.32 1 0
github.com/NatdanaiKhe/simplebank/api/account.go:64.50,66.46 2 1
github.com/NatdanaiKhe/simplebank/api/account.go:66.46,69.3 2 1
github.com/NatdanaiKhe/simplebank/api/account.go:71.2,72.16 2 1
github.com/NatdanaiKhe/simplebank/api/account.go:72.16,73.27 1 1
github.com/NatdanaiKhe/simplebank/api/account.go:73.27,76.4 2 1
github.com/NatdanaiKhe/simplebank/api/account.go:77.3,78.9 2 1
github.com/NatdanaiKhe/simplebank/api/account.go:80.2,80.32 1 1
github.com/NatdanaiKhe/simplebank/api/account.go:83.52,86.50 3 0
github.com/NatdanaiKhe/simplebank/api/account.go:86.50,89.3 2 0
github.com/NatdanaiKhe/simplebank/api/account.go:91.2,96.16 3 0
github.com/NatdanaiKhe/simplebank/api/account.go:96.16,99.3 2 0
github.com/NatdanaiKhe/simplebank/api/account.go:100.2,106.28 2 0
github.com/NatdanaiKhe/simplebank/api/account.go:109.53,111.47 2 0
github.com/NatdanaiKhe/simplebank/api/account.go:111.47,114.3 2 0
github.com/NatdanaiKhe/simplebank/api/account.go:116.2,122.16 3 0
github.com/NatdanaiKhe/simplebank/api/account.go:122.16,125.3 2 0
github.com/NatdanaiKhe/simplebank/api/account.go:126.2,126.29 1 0
github.com/NatdanaiKhe/simplebank/api/account.go:129.53,131.47 2 0
github.com/NatdanaiKhe/simplebank/api/account.go:131.47,134.3 2 0
github.com/NatdanaiKhe/simplebank/api/account.go:136.2,137.16 2 0
github.com/NatdanaiKhe/simplebank/api/account.go:137.16,140.3 2 0
github.com/NatdanaiKhe/simplebank/api/account.go:141.2,141.60 1 0
github.com/NatdanaiKhe/simplebank/api/server.go:13.40,28.2 9 1
github.com/NatdanaiKhe/simplebank/api/server.go:30.51,32.2 1 0
github.com/NatdanaiKhe/simplebank/api/server.go:34.35,36.2 1 1
github.com/NatdanaiKhe/simplebank/main.go:13.13,16.16 2 0
github.com/NatdanaiKhe/simplebank/main.go:16.16,18.3 1 0
github.com/NatdanaiKhe/simplebank/main.go:20.2,21.16 2 0
github.com/NatdanaiKhe/simplebank/main.go:21.16,23.3 1 0
github.com/NatdanaiKhe/simplebank/main.go:25.2,29.16 4 0
github.com/NatdanaiKhe/simplebank/main.go:29.16,31.3 1 0
github.com/NatdanaiKhe/simplebank/db/sqlc/account.sql.go:28.96,39.2 4 1
github.com/NatdanaiKhe/simplebank/db/sqlc/account.sql.go:46.70,49.2 2 1
github.com/NatdanaiKhe/simplebank/db/sqlc/account.sql.go:56.78,67.2 4 1
github.com/NatdanaiKhe/simplebank/db/sqlc/account.sql.go:74.87,85.2 4 1
github.com/NatdanaiKhe/simplebank/db/sqlc/account.sql.go:99.96,101.16 2 1
github.com/NatdanaiKhe/simplebank/db/sqlc/account.sql.go:101.16,103.3 1 0
github.com/NatdanaiKhe/simplebank/db/sqlc/account.sql.go:104.2,106.18 3 1
github.com/NatdanaiKhe/simplebank/db/sqlc/account.sql.go:106.18,114.17 2 1
github.com/NatdanaiKhe/simplebank/db/sqlc/account.sql.go:114.17,116.4 1 0
github.com/NatdanaiKhe/simplebank/db/sqlc/account.sql.go:117.3,117.27 1 1
github.com/NatdanaiKhe/simplebank/db/sqlc/account.sql.go:119.2,119.37 1 1
github.com/NatdanaiKhe/simplebank/db/sqlc/account.sql.go:119.37,121.3 1 0
github.com/NatdanaiKhe/simplebank/db/sqlc/account.sql.go:122.2,122.35 1 1
github.com/NatdanaiKhe/simplebank/db/sqlc/account.sql.go:122.35,124.3 1 0
github.com/NatdanaiKhe/simplebank/db/sqlc/account.sql.go:125.2,125.19 1 1
github.com/NatdanaiKhe/simplebank/db/sqlc/account.sql.go:139.85,142.2 2 1
github.com/NatdanaiKhe/simplebank/db/sqlc/account.sql.go:156.110,167.2 4 1
github.com/NatdanaiKhe/simplebank/db/sqlc/db.go:19.28,21.2 1 1
github.com/NatdanaiKhe/simplebank/db/sqlc/db.go:27.47,31.2 1 1
github.com/NatdanaiKhe/simplebank/db/sqlc/entry.sql.go:26.90,36.2 4 1
github.com/NatdanaiKhe/simplebank/db/sqlc/entry.sql.go:43.74,53.2 4 1
github.com/NatdanaiKhe/simplebank/db/sqlc/entry.sql.go:68.92,70.16 2 1
github.com/NatdanaiKhe/simplebank/db/sqlc/entry.sql.go:70.16,72.3 1 0
github.com/NatdanaiKhe/simplebank/db/sqlc/entry.sql.go:73.2,75.18 3 1
github.com/NatdanaiKhe/simplebank/db/sqlc/entry.sql.go:75.18,82.17 2 1
github.com/NatdanaiKhe/simplebank/db/sqlc/entry.sql.go:82.17,84.4 1 0
github.com/NatdanaiKhe/simplebank/db/sqlc/entry.sql.go:85.3,85.27 1 1
github.com/NatdanaiKhe/simplebank/db/sqlc/entry.sql.go:87.2,87.37 1 1
github.com/NatdanaiKhe/simplebank/db/sqlc/entry.sql.go:87.37,89.3 1 0
github.com/NatdanaiKhe/simplebank/db/sqlc/entry.sql.go:90.2,90.35 1 1
github.com/NatdanaiKhe/simplebank/db/sqlc/entry.sql.go:90.35,92.3 1 0
github.com/NatdanaiKhe/simplebank/db/sqlc/entry.sql.go:93.2,93.19 1 1
github.com/NatdanaiKhe/simplebank/db/sqlc/store.go:21.33,26.2 1 1
github.com/NatdanaiKhe/simplebank/db/sqlc/store.go:29.83,31.16 2 1
github.com/NatdanaiKhe/simplebank/db/sqlc/store.go:31.16,33.3 1 0
github.com/NatdanaiKhe/simplebank/db/sqlc/store.go:35.2,37.16 3 1
github.com/NatdanaiKhe/simplebank/db/sqlc/store.go:37.16,38.43 1 0
github.com/NatdanaiKhe/simplebank/db/sqlc/store.go:38.43,40.4 1 0
github.com/NatdanaiKhe/simplebank/db/sqlc/store.go:41.3,41.13 1 0
github.com/NatdanaiKhe/simplebank/db/sqlc/store.go:43.2,43.20 1 1
github.com/NatdanaiKhe/simplebank/db/sqlc/store.go:62.107,64.50 2 1
github.com/NatdanaiKhe/simplebank/db/sqlc/store.go:64.50,68.25 2 1
github.com/NatdanaiKhe/simplebank/db/sqlc/store.go:68.25,70.4 1 0
github.com/NatdanaiKhe/simplebank/db/sqlc/store.go:72.3,72.49 1 1
github.com/NatdanaiKhe/simplebank/db/sqlc/store.go:72.49,74.4 1 0
github.com/NatdanaiKhe/simplebank/db/sqlc/store.go:81.3,82.48 2 1
github.com/NatdanaiKhe/simplebank/db/sqlc/store.go:82.48,84.18 2 1
github.com/NatdanaiKhe/simplebank/db/sqlc/store.go:84.18,86.5 1 0
github.com/NatdanaiKhe/simplebank/db/sqlc/store.go:87.4,88.18 2 1
github.com/NatdanaiKhe/simplebank/db/sqlc/store.go:88.18,90.5 1 0
github.com/NatdanaiKhe/simplebank/db/sqlc/store.go:91.9,93.18 2 1
github.com/NatdanaiKhe/simplebank/db/sqlc/store.go:93.18,95.5 1 0
github.com/NatdanaiKhe/simplebank/db/sqlc/store.go:96.4,97.18 2 1
github.com/NatdanaiKhe/simplebank/db/sqlc/store.go:97.18,99.5 1 0
github.com/NatdanaiKhe/simplebank/db/sqlc/store.go:102.3,102.42 1 1
github.com/NatdanaiKhe/simplebank/db/sqlc/store.go:102.42,104.4 1 0
github.com/NatdanaiKhe/simplebank/db/sqlc/store.go:105.3,110.17 2 1
github.com/NatdanaiKhe/simplebank/db/sqlc/store.go:110.17,112.4 1 0
github.com/NatdanaiKhe/simplebank/db/sqlc/store.go:113.3,117.17 2 1
github.com/NatdanaiKhe/simplebank/db/sqlc/store.go:117.17,119.4 1 0
github.com/NatdanaiKhe/simplebank/db/sqlc/store.go:120.3,124.17 2 1
github.com/NatdanaiKhe/simplebank/db/sqlc/store.go:124.17,126.4 1 0
github.com/NatdanaiKhe/simplebank/db/sqlc/store.go:129.3,133.17 2 1
github.com/NatdanaiKhe/simplebank/db/sqlc/store.go:133.17,135.4 1 0
github.com/NatdanaiKhe/simplebank/db/sqlc/store.go:138.3,142.17 2 1
github.com/NatdanaiKhe/simplebank/db/sqlc/store.go:142.17,144.4 1 0
github.com/NatdanaiKhe/simplebank/db/sqlc/store.go:146.3,146.13 1 1
github.com/NatdanaiKhe/simplebank/db/sqlc/store.go:148.2,148.16 1 1
github.com/NatdanaiKhe/simplebank/db/sqlc/store.go:148.16,150.3 1 0
github.com/NatdanaiKhe/simplebank/db/sqlc/store.go:152.2,152.20 1 1
github.com/NatdanaiKhe/simplebank/db/sqlc/transfer.sql.go:28.99,39.2 4 1
github.com/NatdanaiKhe/simplebank/db/sqlc/transfer.sql.go:46.80,57.2 4 1
github.com/NatdanaiKhe/simplebank/db/sqlc/transfer.sql.go:73.99,80.16 2 1
github.com/NatdanaiKhe/simplebank/db/sqlc/transfer.sql.go:80.16,82.3 1 0
github.com/NatdanaiKhe/simplebank/db/sqlc/transfer.sql.go:83.2,85.18 3 1
github.com/NatdanaiKhe/simplebank/db/sqlc/transfer.sql.go:85.18,93.17 2 1
github.com/NatdanaiKhe/simplebank/db/sqlc/transfer.sql.go:93.17,95.4 1 0
github.com/NatdanaiKhe/simplebank/db/sqlc/transfer.sql.go:96.3,96.27 1 1
github.com/NatdanaiKhe/simplebank/db/sqlc/transfer.sql.go:98.2,98.37 1 1
github.com/NatdanaiKhe/simplebank/db/sqlc/transfer.sql.go:98.37,100.3 1 0
github.com/NatdanaiKhe/simplebank/db/sqlc/transfer.sql.go:101.2,101.35 1 1
github.com/NatdanaiKhe/simplebank/db/sqlc/transfer.sql.go:101.35,103.3 1 0
github.com/NatdanaiKhe/simplebank/db/sqlc/transfer.sql.go:104.2,104.19 1 1
github.com/NatdanaiKhe/simplebank/util/config.go:11.57,18.16 6 0
github.com/NatdanaiKhe/simplebank/util/config.go:18.16,20.3 1 0
github.com/NatdanaiKhe/simplebank/util/config.go:21.2,22.20 2 0
github.com/NatdanaiKhe/simplebank/util/random.go:8.13,10.2 1 0
github.com/NatdanaiKhe/simplebank/util/random.go:12.33,15.19 3 0
github.com/NatdanaiKhe/simplebank/util/random.go:15.19,17.3 1 0
github.com/NatdanaiKhe/simplebank/util/random.go:18.2,18.18 1 0
github.com/NatdanaiKhe/simplebank/util/random.go:21.36,24.2 2 0
github.com/NatdanaiKhe/simplebank/util/random.go:26.44,29.2 2 0
github.com/NatdanaiKhe/simplebank/util/random.go:31.30,34.2 2 0
github.com/NatdanaiKhe/simplebank/db/mock/store.go:32.55,36.2 3 0
github.com/NatdanaiKhe/simplebank/db/mock/store.go:39.53,41.2 1 0
github.com/NatdanaiKhe/simplebank/db/mock/store.go:44.108,50.2 5 0
github.com/NatdanaiKhe/simplebank/db/mock/store.go:53.75,56.2 2 0
github.com/NatdanaiKhe/simplebank/db/mock/store.go:59.102,65.2 5 0
github.com/NatdanaiKhe/simplebank/db/mock/store.go:68.73,71.2 2 0
github.com/NatdanaiKhe/simplebank/db/mock/store.go:74.111,80.2 5 0
github.com/NatdanaiKhe/simplebank/db/mock/store.go:83.76,86.2 2 0
github.com/NatdanaiKhe/simplebank/db/mock/store.go:89.72,94.2 4 0
github.com/NatdanaiKhe/simplebank/db/mock/store.go:97.74,100.2 2 0
github.com/NatdanaiKhe/simplebank/db/mock/store.go:103.85,109.2 5 0
github.com/NatdanaiKhe/simplebank/db/mock/store.go:112.71,115.2 2 0
github.com/NatdanaiKhe/simplebank/db/mock/store.go:118.94,124.2 5 0
github.com/NatdanaiKhe/simplebank/db/mock/store.go:127.80,130.2 2 0
github.com/NatdanaiKhe/simplebank/db/mock/store.go:133.81,139.2 5 0
github.com/NatdanaiKhe/simplebank/db/mock/store.go:142.69,145.2 2 0
github.com/NatdanaiKhe/simplebank/db/mock/store.go:148.87,154.2 5 0
github.com/NatdanaiKhe/simplebank/db/mock/store.go:157.72,160.2 2 0
github.com/NatdanaiKhe/simplebank/db/mock/store.go:163.108,169.2 5 0
github.com/NatdanaiKhe/simplebank/db/mock/store.go:172.74,175.2 2 0
github.com/NatdanaiKhe/simplebank/db/mock/store.go:178.104,184.2 5 0
github.com/NatdanaiKhe/simplebank/db/mock/store.go:187.73,190.2 2 0
github.com/NatdanaiKhe/simplebank/db/mock/store.go:193.111,199.2 5 0
github.com/NatdanaiKhe/simplebank/db/mock/store.go:202.75,205.2 2 0
github.com/NatdanaiKhe/simplebank/db/mock/store.go:208.114,214.2 5 0
github.com/NatdanaiKhe/simplebank/db/mock/store.go:217.75,220.2 2 0
github.com/NatdanaiKhe/simplebank/db/mock/store.go:223.92,228.2 4 0
github.com/NatdanaiKhe/simplebank/db/mock/store.go:231.75,234.2 2 0
github.com/NatdanaiKhe/simplebank/db/mock/store.go:237.122,243.2 5 0
github.com/NatdanaiKhe/simplebank/db/mock/store.go:246.82,249.2 2 0
